<?xml version="1.0" encoding="UTF-8"?>
<testng-results ignored="1" total="2" passed="0" failed="1" skipped="0">
  <reporter-output>
    <line>
      <![CDATA[This is the sample screenshot]]>
    </line>
    <line>
      <![CDATA[<a href='/Users/piyush/Desktop/iOS/POMRealDevice/Screenshots/iOS_iPhone/2020-07-03-12-01-12/Scenario1/test2.png'> <img src='/Users/piyush/Desktop/iOS/POMRealDevice/Screenshots/iOS_iPhone/2020-07-03-12-01-12/Scenario1/test2.png' height='400' width='400'/> </a>]]>
    </line>
  </reporter-output>
  <suite started-at="2020-07-03T06:31:12Z" name="Suite" finished-at="2020-07-03T06:35:01Z" duration-ms="228908">
    <groups>
    </groups>
    <test started-at="2020-07-03T06:31:12Z" name="iPhone6Real" finished-at="2020-07-03T06:35:01Z" duration-ms="228908">
      <class name="com.qa.tests.Scenario1">
        <test-method is-config="true" signature="beforeTest(java.lang.String, java.lang.String, java.lang.String, java.lang.String)[pri:0, instance:com.qa.tests.Scenario1@e056f20]" started-at="2020-07-03T06:31:12Z" name="beforeTest" finished-at="2020-07-03T06:31:20Z" duration-ms="8191" status="PASS">
          <params>
            <param index="0">
              <value>
                <![CDATA[iOS]]>
              </value>
            </param>
            <param index="1">
              <value>
                <![CDATA[8002e513b609914046f344f8cea0044663c33950]]>
              </value>
            </param>
            <param index="2">
              <value>
                <![CDATA[iPhone]]>
              </value>
            </param>
            <param index="3">
              <value>
                <![CDATA[13.4.1]]>
              </value>
            </param>
          </params>
          <reporter-output>
          </reporter-output>
        </test-method> <!-- beforeTest -->
        <test-method is-config="true" signature="beforeClass()[pri:0, instance:com.qa.tests.Scenario1@e056f20]" started-at="2020-07-03T06:31:20Z" name="beforeClass" finished-at="2020-07-03T06:31:20Z" duration-ms="7" status="PASS">
          <reporter-output>
          </reporter-output>
        </test-method> <!-- beforeClass -->
        <test-method is-config="true" signature="beforeMethod()[pri:0, instance:com.qa.tests.Scenario1@e056f20]" started-at="2020-07-03T06:31:20Z" name="beforeMethod" finished-at="2020-07-03T06:31:21Z" duration-ms="1256" status="PASS">
          <reporter-output>
          </reporter-output>
        </test-method> <!-- beforeMethod -->
        <test-method is-config="true" signature="beforeMethod(java.lang.reflect.Method)[pri:0, instance:com.qa.tests.Scenario1@e056f20]" started-at="2020-07-03T06:31:21Z" name="beforeMethod" finished-at="2020-07-03T06:31:21Z" duration-ms="183" status="PASS">
          <params>
            <param index="0">
              <value>
                <![CDATA[public void com.qa.tests.Scenario1.test2() throws java.lang.Exception]]>
              </value>
            </param>
          </params>
          <reporter-output>
          </reporter-output>
        </test-method> <!-- beforeMethod -->
        <test-method signature="test2()[pri:0, instance:com.qa.tests.Scenario1@e056f20]" started-at="2020-07-03T06:31:21Z" name="test2" finished-at="2020-07-03T06:34:47Z" duration-ms="205366" status="FAIL">
          <exception class="java.lang.AssertionError">
            <message>
              <![CDATA[The following asserts failed:
expected [ Random Characters added for Testing ] but found [Random Characters added for Testing]]]>
            </message>
            <full-stacktrace>
              <![CDATA[java.lang.AssertionError: The following asserts failed:
expected [ Random Characters added for Testing ] but found [Random Characters added for Testing]
at org.testng.asserts.SoftAssert.assertAll(SoftAssert.java:43)
at com.qa.tests.Scenario1.test2(Scenario1.java:221)
at java.base/jdk.internal.reflect.NativeMethodAccessorImpl.invoke0(Native Method)
at java.base/jdk.internal.reflect.NativeMethodAccessorImpl.invoke(NativeMethodAccessorImpl.java:62)
at java.base/jdk.internal.reflect.DelegatingMethodAccessorImpl.invoke(DelegatingMethodAccessorImpl.java:43)
at java.base/java.lang.reflect.Method.invoke(Method.java:564)
at org.testng.internal.MethodInvocationHelper.invokeMethod(MethodInvocationHelper.java:124)
at org.testng.internal.Invoker.invokeMethod(Invoker.java:583)
at org.testng.internal.Invoker.invokeTestMethod(Invoker.java:719)
at org.testng.internal.Invoker.invokeTestMethods(Invoker.java:989)
at org.testng.internal.TestMethodWorker.invokeTestMethods(TestMethodWorker.java:125)
at org.testng.internal.TestMethodWorker.run(TestMethodWorker.java:109)
at org.testng.TestRunner.privateRun(TestRunner.java:648)
at org.testng.TestRunner.run(TestRunner.java:505)
at org.testng.SuiteRunner.runTest(SuiteRunner.java:455)
at org.testng.SuiteRunner.runSequentially(SuiteRunner.java:450)
at org.testng.SuiteRunner.privateRun(SuiteRunner.java:415)
at org.testng.SuiteRunner.run(SuiteRunner.java:364)
at org.testng.SuiteRunnerWorker.runSuite(SuiteRunnerWorker.java:52)
at org.testng.SuiteRunnerWorker.run(SuiteRunnerWorker.java:84)
at org.testng.TestNG.runSuitesSequentially(TestNG.java:1208)
at org.testng.TestNG.runSuitesLocally(TestNG.java:1137)
at org.testng.TestNG.runSuites(TestNG.java:1049)
at org.testng.TestNG.run(TestNG.java:1017)
at org.testng.remote.AbstractRemoteTestNG.run(AbstractRemoteTestNG.java:115)
at org.testng.remote.RemoteTestNG.initAndRun(RemoteTestNG.java:251)
at org.testng.remote.RemoteTestNG.main(RemoteTestNG.java:77)
]]>
            </full-stacktrace>
          </exception> <!-- java.lang.AssertionError -->
          <reporter-output>
            <line>
              <![CDATA[This is the sample screenshot]]>
            </line>
            <line>
              <![CDATA[<a href='/Users/piyush/Desktop/iOS/POMRealDevice/Screenshots/iOS_iPhone/2020-07-03-12-01-12/Scenario1/test2.png'> <img src='/Users/piyush/Desktop/iOS/POMRealDevice/Screenshots/iOS_iPhone/2020-07-03-12-01-12/Scenario1/test2.png' height='400' width='400'/> </a>]]>
            </line>
          </reporter-output>
        </test-method> <!-- test2 -->
        <test-method is-config="true" signature="afterMethod(org.testng.ITestResult)[pri:0, instance:com.qa.tests.Scenario1@e056f20]" started-at="2020-07-03T06:34:47Z" name="afterMethod" finished-at="2020-07-03T06:34:54Z" duration-ms="7436" status="PASS">
          <params>
            <param index="0">
              <value>
                <![CDATA[[TestResult name=test2 status=FAILURE method=Scenario1.test2()[pri:0, instance:com.qa.tests.Scenario1@e056f20] output=This is the sample screenshot]]]>
              </value>
            </param>
          </params>
          <reporter-output>
          </reporter-output>
        </test-method> <!-- afterMethod -->
        <test-method is-config="true" signature="afterMethod()[pri:0, instance:com.qa.tests.Scenario1@e056f20]" started-at="2020-07-03T06:34:47Z" name="afterMethod" finished-at="2020-07-03T06:34:47Z" duration-ms="0" status="PASS">
          <reporter-output>
          </reporter-output>
        </test-method> <!-- afterMethod -->
        <test-method is-config="true" signature="afterClass()[pri:0, instance:com.qa.tests.Scenario1@e056f20]" started-at="2020-07-03T06:34:54Z" name="afterClass" finished-at="2020-07-03T06:34:54Z" duration-ms="1" status="PASS">
          <reporter-output>
          </reporter-output>
        </test-method> <!-- afterClass -->
        <test-method is-config="true" signature="afterTest()[pri:0, instance:com.qa.tests.Scenario1@e056f20]" started-at="2020-07-03T06:34:54Z" name="afterTest" finished-at="2020-07-03T06:35:01Z" duration-ms="6082" status="PASS">
          <reporter-output>
          </reporter-output>
        </test-method> <!-- afterTest -->
      </class> <!-- com.qa.tests.Scenario1 -->
    </test> <!-- iPhone6Real -->
  </suite> <!-- Suite -->
</testng-results>
